# JRE version: Java(TM) SE Runtime Environment (8.0_60-b27) (build 1.8.0_60-b27)
# Java VM: Java HotSpot(TM) 64-Bit Server VM (25.60-b23 mixed mode linux-amd64 compressed oops)
Heap:
 PSYoungGen      total 225792K, used 14900K [0x00000000eab00000, 0x00000000f9e00000, 0x0000000100000000)
  eden space 203776K, 7% used [0x00000000eab00000,0x00000000eb98d288,0x00000000f7200000)
  from space 22016K, 0% used [0x00000000f8880000,0x00000000f8880000,0x00000000f9e00000)
  to   space 22528K, 0% used [0x00000000f7200000,0x00000000f7200000,0x00000000f8800000)
 ParOldGen       total 66560K, used 66538K [0x00000000c0000000, 0x00000000c4100000, 0x00000000eab00000)
  object space 66560K, 99% used [0x00000000c0000000,0x00000000c40fa9e0,0x00000000c4100000)
 Metaspace       used 62309K, capacity 64948K, committed 65152K, reserved 1105920K
  class space    used 8548K, capacity 9574K, committed 9600K, reserved 1048576K
GC Heap History (10 events):
Event: 34,690 GC heap after
Heap after GC invocations=14 (full 2):
 PSYoungGen      total 183296K, used 3137K [0x00000000eab00000, 0x00000000f7180000, 0x0000000100000000)
  eden space 163328K, 0% used [0x00000000eab00000,0x00000000eab00000,0x00000000f4a80000)
  from space 19968K, 15% used [0x00000000f5e00000,0x00000000f61106c0,0x00000000f7180000)
  to   space 19968K, 0% used [0x00000000f4a80000,0x00000000f4a80000,0x00000000f5e00000)
 ParOldGen       total 66560K, used 47830K [0x00000000c0000000, 0x00000000c4100000, 0x00000000eab00000)
  object space 66560K, 71% used [0x00000000c0000000,0x00000000c2eb58b0,0x00000000c4100000)
 Metaspace       used 46528K, capacity 47954K, committed 48256K, reserved 1091584K
  class space    used 6353K, capacity 6920K, committed 7040K, reserved 1048576K
}
Event: 34,690 GC heap before
{Heap before GC invocations=15 (full 3):
 PSYoungGen      total 183296K, used 3137K [0x00000000eab00000, 0x00000000f7180000, 0x0000000100000000)
  eden space 163328K, 0% used [0x00000000eab00000,0x00000000eab00000,0x00000000f4a80000)
  from space 19968K, 15% used [0x00000000f5e00000,0x00000000f61106c0,0x00000000f7180000)
  to   space 19968K, 0% used [0x00000000f4a80000,0x00000000f4a80000,0x00000000f5e00000)
 ParOldGen       total 66560K, used 47830K [0x00000000c0000000, 0x00000000c4100000, 0x00000000eab00000)
  object space 66560K, 71% used [0x00000000c0000000,0x00000000c2eb58b0,0x00000000c4100000)
 Metaspace       used 46528K, capacity 47954K, committed 48256K, reserved 1091584K
  class space    used 6353K, capacity 6920K, committed 7040K, reserved 1048576K
Event: 35,217 GC heap after
Heap after GC invocations=15 (full 3):
 PSYoungGen      total 183296K, used 0K [0x00000000eab00000, 0x00000000f7180000, 0x0000000100000000)
  eden space 163328K, 0% used [0x00000000eab00000,0x00000000eab00000,0x00000000f4a80000)
  from space 19968K, 0% used [0x00000000f5e00000,0x00000000f5e00000,0x00000000f7180000)
  to   space 19968K, 0% used [0x00000000f4a80000,0x00000000f4a80000,0x00000000f5e00000)
 ParOldGen       total 66560K, used 42194K [0x00000000c0000000, 0x00000000c4100000, 0x00000000eab00000)
  object space 66560K, 63% used [0x00000000c0000000,0x00000000c2934a60,0x00000000c4100000)
 Metaspace       used 46528K, capacity 47954K, committed 48256K, reserved 1091584K
  class space    used 6353K, capacity 6920K, committed 7040K, reserved 1048576K
}
Event: 222,310 GC heap before
{Heap before GC invocations=16 (full 3):
 PSYoungGen      total 183296K, used 163328K [0x00000000eab00000, 0x00000000f7180000, 0x0000000100000000)
  eden space 163328K, 100% used [0x00000000eab00000,0x00000000f4a80000,0x00000000f4a80000)
  from space 19968K, 0% used [0x00000000f5e00000,0x00000000f5e00000,0x00000000f7180000)
  to   space 19968K, 0% used [0x00000000f4a80000,0x00000000f4a80000,0x00000000f5e00000)
 ParOldGen       total 66560K, used 42194K [0x00000000c0000000, 0x00000000c4100000, 0x00000000eab00000)
  object space 66560K, 63% used [0x00000000c0000000,0x00000000c2934a60,0x00000000c4100000)
 Metaspace       used 53605K, capacity 55564K, committed 55808K, reserved 1097728K
  class space    used 7329K, capacity 8101K, committed 8192K, reserved 1048576K
Event: 222,408 GC heap after
Heap after GC invocations=16 (full 3):
 PSYoungGen      total 183296K, used 19945K [0x00000000eab00000, 0x00000000f9f00000, 0x0000000100000000)
  eden space 163328K, 0% used [0x00000000eab00000,0x00000000eab00000,0x00000000f4a80000)
  from space 19968K, 99% used [0x00000000f4a80000,0x00000000f5dfa648,0x00000000f5e00000)
  to   space 23040K, 0% used [0x00000000f8880000,0x00000000f8880000,0x00000000f9f00000)
 ParOldGen       total 66560K, used 42323K [0x00000000c0000000, 0x00000000c4100000, 0x00000000eab00000)
  object space 66560K, 63% used [0x00000000c0000000,0x00000000c2954da0,0x00000000c4100000)
 Metaspace       used 53605K, capacity 55564K, committed 55808K, reserved 1097728K
  class space    used 7329K, capacity 8101K, committed 8192K, reserved 1048576K
}
Event: 225,161 GC heap before
{Heap before GC invocations=17 (full 3):
 PSYoungGen      total 183296K, used 92800K [0x00000000eab00000, 0x00000000f9f00000, 0x0000000100000000)
  eden space 163328K, 44% used [0x00000000eab00000,0x00000000ef225ac8,0x00000000f4a80000)
  from space 19968K, 99% used [0x00000000f4a80000,0x00000000f5dfa648,0x00000000f5e00000)
  to   space 23040K, 0% used [0x00000000f8880000,0x00000000f8880000,0x00000000f9f00000)
 ParOldGen       total 66560K, used 42323K [0x00000000c0000000, 0x00000000c4100000, 0x00000000eab00000)
  object space 66560K, 63% used [0x00000000c0000000,0x00000000c2954da0,0x00000000c4100000)
 Metaspace       used 54878K, capacity 57022K, committed 57344K, reserved 1097728K
  class space    used 7507K, capacity 8326K, committed 8448K, reserved 1048576K
Event: 225,297 GC heap after
Heap after GC invocations=17 (full 3):
 PSYoungGen      total 225792K, used 5880K [0x00000000eab00000, 0x00000000f9e00000, 0x0000000100000000)
  eden space 203776K, 0% used [0x00000000eab00000,0x00000000eab00000,0x00000000f7200000)
  from space 22016K, 26% used [0x00000000f8880000,0x00000000f8e3e188,0x00000000f9e00000)
  to   space 22528K, 0% used [0x00000000f7200000,0x00000000f7200000,0x00000000f8800000)
 ParOldGen       total 66560K, used 53923K [0x00000000c0000000, 0x00000000c4100000, 0x00000000eab00000)
  object space 66560K, 81% used [0x00000000c0000000,0x00000000c34a8d10,0x00000000c4100000)
 Metaspace       used 54878K, capacity 57022K, committed 57344K, reserved 1097728K
  class space    used 7507K, capacity 8326K, committed 8448K, reserved 1048576K
}
Event: 225,297 GC heap before
{Heap before GC invocations=18 (full 4):
 PSYoungGen      total 225792K, used 5880K [0x00000000eab00000, 0x00000000f9e00000, 0x0000000100000000)
  eden space 203776K, 0% used [0x00000000eab00000,0x00000000eab00000,0x00000000f7200000)
  from space 22016K, 26% used [0x00000000f8880000,0x00000000f8e3e188,0x00000000f9e00000)
  to   space 22528K, 0% used [0x00000000f7200000,0x00000000f7200000,0x00000000f8800000)
 ParOldGen       total 66560K, used 53923K [0x00000000c0000000, 0x00000000c4100000, 0x00000000eab00000)
  object space 66560K, 81% used [0x00000000c0000000,0x00000000c34a8d10,0x00000000c4100000)
 Metaspace       used 54878K, capacity 57022K, committed 57344K, reserved 1097728K
  class space    used 7507K, capacity 8326K, committed 8448K, reserved 1048576K
Event: 226,065 GC heap after
Heap after GC invocations=18 (full 4):
 PSYoungGen      total 225792K, used 0K [0x00000000eab00000, 0x00000000f9e00000, 0x0000000100000000)
  eden space 203776K, 0% used [0x00000000eab00000,0x00000000eab00000,0x00000000f7200000)
  from space 22016K, 0% used [0x00000000f8880000,0x00000000f8880000,0x00000000f9e00000)
  to   space 22528K, 0% used [0x00000000f7200000,0x00000000f7200000,0x00000000f8800000)
 ParOldGen       total 66560K, used 58316K [0x00000000c0000000, 0x00000000c4100000, 0x00000000eab00000)
  object space 66560K, 87% used [0x00000000c0000000,0x00000000c38f3108,0x00000000c4100000)
 Metaspace       used 54878K, capacity 57022K, committed 57344K, reserved 1097728K
  class space    used 7507K, capacity 8326K, committed 8448K, reserved 1048576K
}
Event: 498,823 GC heap before
{Heap before GC invocations=19 (full 5):
 PSYoungGen      total 225792K, used 203776K [0x00000000eab00000, 0x00000000f9e00000, 0x0000000100000000)
  eden space 203776K, 100% used [0x00000000eab00000,0x00000000f7200000,0x00000000f7200000)
  from space 22016K, 0% used [0x00000000f8880000,0x00000000f8880000,0x00000000f9e00000)
  to   space 22528K, 0% used [0x00000000f7200000,0x00000000f7200000,0x00000000f8800000)
 ParOldGen       total 66560K, used 58316K [0x00000000c0000000, 0x00000000c4100000, 0x00000000eab00000)
  object space 66560K, 87% used [0x00000000c0000000,0x00000000c38f3108,0x00000000c4100000)
 Metaspace       used 62309K, capacity 64948K, committed 65152K, reserved 1105920K
  class space    used 8548K, capacity 9574K, committed 9600K, reserved 1048576K

